ERROR - 14-09-2017 08:42:58 --> $config['composer_autoload'] is set to TRUE but C:\xampp\htdocs\meeting-golf\mgolf\vendor/autoload.php was not found.
ERROR - 14-09-2017 08:46:40 --> $config['composer_autoload'] is set to TRUE but C:\xampp\htdocs\meeting-golf\mgolf\vendor/autoload.php was not found.
ERROR - 14-09-2017 08:46:49 --> $config['composer_autoload'] is set to TRUE but C:\xampp\htdocs\meeting-golf\mgolf\vendor/autoload.php was not found.
ERROR - 14-09-2017 08:46:54 --> $config['composer_autoload'] is set to TRUE but C:\xampp\htdocs\meeting-golf\mgolf\vendor/autoload.php was not found.
ERROR - 14-09-2017 08:47:00 --> $config['composer_autoload'] is set to TRUE but C:\xampp\htdocs\meeting-golf\mgolf\vendor/autoload.php was not found.
ERROR - 14-09-2017 08:53:31 --> $config['composer_autoload'] is set to TRUE but C:\xampp\htdocs\meeting-golf\mgolf\vendor/autoload.php was not found.
ERROR - 14-09-2017 08:53:31 --> Severity: Parsing Error --> syntax error, unexpected ''i am not here, i would fuck y' (T_CONSTANT_ENCAPSED_STRING) C:\xampp\htdocs\meeting-golf\mgolf\controllers\member.php 83
ERROR - 14-09-2017 08:53:55 --> $config['composer_autoload'] is set to TRUE but C:\xampp\htdocs\meeting-golf\mgolf\vendor/autoload.php was not found.
ERROR - 14-09-2017 08:59:30 --> $config['composer_autoload'] is set to TRUE but C:\xampp\htdocs\meeting-golf\mgolf\vendor/autoload.php was not found.
ERROR - 14-09-2017 09:03:59 --> $config['composer_autoload'] is set to TRUE but C:\xampp\htdocs\meeting-golf\mgolf\vendor/autoload.php was not found.
ERROR - 14-09-2017 09:04:00 --> Severity: error --> Exception: Configured database connection is persistent. Aborting. C:\xampp\htdocs\meeting-golf\core\libraries\Session\drivers\Session_database_driver.php 94
ERROR - 14-09-2017 09:05:38 --> $config['composer_autoload'] is set to TRUE but C:\xampp\htdocs\meeting-golf\mgolf\vendor/autoload.php was not found.
ERROR - 14-09-2017 09:05:38 --> Severity: error --> Exception: Configured database connection has cache enabled. Aborting. C:\xampp\htdocs\meeting-golf\core\libraries\Session\drivers\Session_database_driver.php 98
ERROR - 14-09-2017 09:06:02 --> $config['composer_autoload'] is set to TRUE but C:\xampp\htdocs\meeting-golf\mgolf\vendor/autoload.php was not found.
ERROR - 14-09-2017 09:06:02 --> Query error: Table 'meetinggolf.c:\xampp\htdocs\meeting-golf\view\session' doesn't exist - Invalid query: SELECT `data`
FROM `C:\xampp\htdocs\meeting-golf\view\session`
WHERE `id` = '8u6nh6ousq2epn8dcps68dcmpjmrsaqe'
ERROR - 14-09-2017 09:07:02 --> $config['composer_autoload'] is set to TRUE but C:\xampp\htdocs\meeting-golf\mgolf\vendor/autoload.php was not found.
ERROR - 14-09-2017 09:07:02 --> Query error: You have an error in your SQL syntax; check the manual that corresponds to your MariaDB server version for the right syntax to use near 'WHERE `id` = 'h1262ckd8sj1854si8fvqu6j0nnctp3q'' at line 2 - Invalid query: SELECT `data`
WHERE `id` = 'h1262ckd8sj1854si8fvqu6j0nnctp3q'
ERROR - 14-09-2017 09:07:46 --> $config['composer_autoload'] is set to TRUE but C:\xampp\htdocs\meeting-golf\mgolf\vendor/autoload.php was not found.
ERROR - 14-09-2017 09:07:46 --> Query error: You have an error in your SQL syntax; check the manual that corresponds to your MariaDB server version for the right syntax to use near 'WHERE `id` = 'pdt9b41bb47hhcm42lc598otl9icmiqi'
AND `ip_address` = '::1'' at line 2 - Invalid query: SELECT `data`
WHERE `id` = 'pdt9b41bb47hhcm42lc598otl9icmiqi'
AND `ip_address` = '::1'
ERROR - 14-09-2017 09:08:56 --> $config['composer_autoload'] is set to TRUE but C:\xampp\htdocs\meeting-golf\mgolf\vendor/autoload.php was not found.
ERROR - 14-09-2017 09:08:56 --> Query error: You have an error in your SQL syntax; check the manual that corresponds to your MariaDB server version for the right syntax to use near 'WHERE `id` = 'f8gi0egqt9b37573u541u2ek1iiqhbln'
AND `ip_address` = '::1'' at line 2 - Invalid query: SELECT `data`
WHERE `id` = 'f8gi0egqt9b37573u541u2ek1iiqhbln'
AND `ip_address` = '::1'
ERROR - 14-09-2017 09:08:59 --> $config['composer_autoload'] is set to TRUE but C:\xampp\htdocs\meeting-golf\mgolf\vendor/autoload.php was not found.
ERROR - 14-09-2017 09:09:00 --> Query error: You have an error in your SQL syntax; check the manual that corresponds to your MariaDB server version for the right syntax to use near 'WHERE `id` = 'haofbl2j25aeujrhsgfmljpgrgteoklf'
AND `ip_address` = '::1'' at line 2 - Invalid query: SELECT `data`
WHERE `id` = 'haofbl2j25aeujrhsgfmljpgrgteoklf'
AND `ip_address` = '::1'
ERROR - 14-09-2017 09:12:04 --> $config['composer_autoload'] is set to TRUE but C:\xampp\htdocs\meeting-golf\mgolf\vendor/autoload.php was not found.
ERROR - 14-09-2017 09:12:05 --> Query error: You have an error in your SQL syntax; check the manual that corresponds to your MariaDB server version for the right syntax to use near 'WHERE `id` = 'clkf6jl6b6q218bk7n7bs0n8p0hi240h'
AND `ip_address` = '::1'' at line 2 - Invalid query: SELECT `data`
WHERE `id` = 'clkf6jl6b6q218bk7n7bs0n8p0hi240h'
AND `ip_address` = '::1'
ERROR - 14-09-2017 09:18:29 --> $config['composer_autoload'] is set to TRUE but C:\xampp\htdocs\meeting-golf\mgolf\vendor/autoload.php was not found.
ERROR - 14-09-2017 09:18:34 --> $config['composer_autoload'] is set to TRUE but C:\xampp\htdocs\meeting-golf\mgolf\vendor/autoload.php was not found.
ERROR - 14-09-2017 09:19:15 --> $config['composer_autoload'] is set to TRUE but C:\xampp\htdocs\meeting-golf\mgolf\vendor/autoload.php was not found.
ERROR - 14-09-2017 09:19:20 --> $config['composer_autoload'] is set to TRUE but C:\xampp\htdocs\meeting-golf\mgolf\vendor/autoload.php was not found.
ERROR - 14-09-2017 09:19:23 --> $config['composer_autoload'] is set to TRUE but C:\xampp\htdocs\meeting-golf\mgolf\vendor/autoload.php was not found.
ERROR - 14-09-2017 09:19:27 --> $config['composer_autoload'] is set to TRUE but C:\xampp\htdocs\meeting-golf\mgolf\vendor/autoload.php was not found.
ERROR - 14-09-2017 09:19:30 --> $config['composer_autoload'] is set to TRUE but C:\xampp\htdocs\meeting-golf\mgolf\vendor/autoload.php was not found.
ERROR - 14-09-2017 09:19:34 --> $config['composer_autoload'] is set to TRUE but C:\xampp\htdocs\meeting-golf\mgolf\vendor/autoload.php was not found.
ERROR - 14-09-2017 09:19:37 --> $config['composer_autoload'] is set to TRUE but C:\xampp\htdocs\meeting-golf\mgolf\vendor/autoload.php was not found.
ERROR - 14-09-2017 09:20:43 --> $config['composer_autoload'] is set to TRUE but C:\xampp\htdocs\meeting-golf\mgolf\vendor/autoload.php was not found.
ERROR - 14-09-2017 09:20:43 --> Query error: You have an error in your SQL syntax; check the manual that corresponds to your MariaDB server version for the right syntax to use near 'WHERE `id` = 'j9eok0hg9c2nadp9gdouun488db61uq4'
AND `ip_address` = '::1'' at line 2 - Invalid query: SELECT `data`
WHERE `id` = 'j9eok0hg9c2nadp9gdouun488db61uq4'
AND `ip_address` = '::1'
ERROR - 14-09-2017 09:21:24 --> $config['composer_autoload'] is set to TRUE but C:\xampp\htdocs\meeting-golf\mgolf\vendor/autoload.php was not found.
ERROR - 14-09-2017 09:21:25 --> Query error: You have an error in your SQL syntax; check the manual that corresponds to your MariaDB server version for the right syntax to use near 'WHERE `id` = 'h8aot94p1eq1u01u5816dn0fjcmml638'
AND `ip_address` = '::1'' at line 2 - Invalid query: SELECT `data`
WHERE `id` = 'h8aot94p1eq1u01u5816dn0fjcmml638'
AND `ip_address` = '::1'
ERROR - 14-09-2017 23:08:49 --> $config['composer_autoload'] is set to TRUE but C:\xampp\htdocs\meeting-golf\mgolf\vendor/autoload.php was not found.
ERROR - 14-09-2017 23:09:02 --> Query error: You have an error in your SQL syntax; check the manual that corresponds to your MariaDB server version for the right syntax to use near 'WHERE `id` = 'ibpod4opoiminh3a6kneokfpq2ult41m'
AND `ip_address` = '::1'' at line 2 - Invalid query: SELECT `data`
WHERE `id` = 'ibpod4opoiminh3a6kneokfpq2ult41m'
AND `ip_address` = '::1'
ERROR - 14-09-2017 23:31:34 --> $config['composer_autoload'] is set to TRUE but C:\xampp\htdocs\meeting-golf\mgolf\vendor/autoload.php was not found.
ERROR - 14-09-2017 23:31:41 --> Query error: You have an error in your SQL syntax; check the manual that corresponds to your MariaDB server version for the right syntax to use near 'WHERE `id` = '4svkdvd3dau13n22upjlsrvvskutdgrn'
AND `ip_address` = '::1'' at line 2 - Invalid query: SELECT `data`
WHERE `id` = '4svkdvd3dau13n22upjlsrvvskutdgrn'
AND `ip_address` = '::1'
